<?xml version="1.0" encoding="UTF-8"?>
<!-- Generated by org.testng.reporters.JUnitReportReporter -->
<testsuite hostname="NANOBILP-10" name="com.pac.DemoC" tests="1" failures="0" timestamp="9 Jul 2016 11:34:10 GMT" time="0.000" errors="0">
  <testcase name="testC" time="0.000" classname="com.pac.DemoC"/>
</testsuite> <!-- com.pac.DemoC -->
