<?xml version="1.0" encoding="UTF-8"?>
<!-- Generated by org.testng.reporters.JUnitReportReporter -->
<testsuite hostname="NANOBILP-10" name="DemoA" tests="1" failures="0" timestamp="9 Jul 2016 10:12:52 GMT" time="0.031" errors="0">
  <testcase name="testA" time="0.031" classname="DemoA"/>
</testsuite> <!-- DemoA -->
